# JRE version: Java(TM) SE Runtime Environment (8.0_291-b10) (build 1.8.0_291-b10)
# Java VM: Java HotSpot(TM) 64-Bit Server VM (25.291-b10 mixed mode bsd-amd64 compressed oops)
Heap:
 PSYoungGen      total 512512K, used 318880K [0x0000000715580000, 0x0000000737f80000, 0x00000007c0000000)
  eden space 459264K, 69% used [0x0000000715580000,0x0000000728ce8128,0x0000000731600000)
  from space 53248K, 0% used [0x0000000734a80000,0x0000000734a80000,0x0000000737e80000)
  to   space 53760K, 0% used [0x0000000731600000,0x0000000731600000,0x0000000734a80000)
 ParOldGen       total 278528K, used 69635K [0x00000005c0000000, 0x00000005d1000000, 0x0000000715580000)
  object space 278528K, 25% used [0x00000005c0000000,0x00000005c4400c38,0x00000005d1000000)
 Metaspace       used 39659K, capacity 40152K, committed 40664K, reserved 1085440K
  class space    used 5352K, capacity 5514K, committed 5632K, reserved 1048576K
GC Heap History (10 events):
Event: 4.758 GC heap before
{Heap before GC invocations=6 (full 1):
 PSYoungGen      total 153088K, used 153080K [0x0000000715580000, 0x0000000728080000, 0x00000007c0000000)
  eden space 131584K, 100% used [0x0000000715580000,0x000000071d600000,0x000000071d600000)
  from space 21504K, 99% used [0x000000071eb00000,0x000000071fffe2f0,0x0000000720000000)
  to   space 21504K, 0% used [0x000000071d600000,0x000000071d600000,0x000000071eb00000)
 ParOldGen       total 349696K, used 40315K [0x00000005c0000000, 0x00000005d5580000, 0x0000000715580000)
  object space 349696K, 11% used [0x00000005c0000000,0x00000005c275ec08,0x00000005d5580000)
 Metaspace       used 26825K, capacity 27280K, committed 27648K, reserved 1073152K
  class space    used 3337K, capacity 3464K, committed 3584K, reserved 1048576K
Event: 4.769 GC heap after
Heap after GC invocations=6 (full 1):
 PSYoungGen      total 153088K, used 21500K [0x0000000715580000, 0x0000000728080000, 0x00000007c0000000)
  eden space 131584K, 0% used [0x0000000715580000,0x0000000715580000,0x000000071d600000)
  from space 21504K, 99% used [0x000000071d600000,0x000000071eaff308,0x000000071eb00000)
  to   space 21504K, 0% used [0x0000000726b80000,0x0000000726b80000,0x0000000728080000)
 ParOldGen       total 349696K, used 53014K [0x00000005c0000000, 0x00000005d5580000, 0x0000000715580000)
  object space 349696K, 15% used [0x00000005c0000000,0x00000005c33c5900,0x00000005d5580000)
 Metaspace       used 26825K, capacity 27280K, committed 27648K, reserved 1073152K
  class space    used 3337K, capacity 3464K, committed 3584K, reserved 1048576K
}
Event: 5.367 GC heap before
{Heap before GC invocations=7 (full 1):
 PSYoungGen      total 153088K, used 153084K [0x0000000715580000, 0x0000000728080000, 0x00000007c0000000)
  eden space 131584K, 100% used [0x0000000715580000,0x000000071d600000,0x000000071d600000)
  from space 21504K, 99% used [0x000000071d600000,0x000000071eaff308,0x000000071eb00000)
  to   space 21504K, 0% used [0x0000000726b80000,0x0000000726b80000,0x0000000728080000)
 ParOldGen       total 349696K, used 53014K [0x00000005c0000000, 0x00000005d5580000, 0x0000000715580000)
  object space 349696K, 15% used [0x00000005c0000000,0x00000005c33c5900,0x00000005d5580000)
 Metaspace       used 29538K, capacity 29956K, committed 30208K, reserved 1075200K
  class space    used 3637K, capacity 3758K, committed 3840K, reserved 1048576K
Event: 5.379 GC heap after
Heap after GC invocations=7 (full 1):
 PSYoungGen      total 251392K, used 21498K [0x0000000715580000, 0x000000072c180000, 0x00000007c0000000)
  eden space 229888K, 0% used [0x0000000715580000,0x0000000715580000,0x0000000723600000)
  from space 21504K, 99% used [0x0000000726b80000,0x000000072807eb38,0x0000000728080000)
  to   space 54784K, 0% used [0x0000000723600000,0x0000000723600000,0x0000000726b80000)
 ParOldGen       total 349696K, used 67415K [0x00000005c0000000, 0x00000005d5580000, 0x0000000715580000)
  object space 349696K, 19% used [0x00000005c0000000,0x00000005c41d5d58,0x00000005d5580000)
 Metaspace       used 29538K, capacity 29956K, committed 30208K, reserved 1075200K
  class space    used 3637K, capacity 3758K, committed 3840K, reserved 1048576K
}
Event: 6.017 GC heap before
{Heap before GC invocations=8 (full 1):
 PSYoungGen      total 251392K, used 251386K [0x0000000715580000, 0x000000072c180000, 0x00000007c0000000)
  eden space 229888K, 100% used [0x0000000715580000,0x0000000723600000,0x0000000723600000)
  from space 21504K, 99% used [0x0000000726b80000,0x000000072807eb38,0x0000000728080000)
  to   space 54784K, 0% used [0x0000000723600000,0x0000000723600000,0x0000000726b80000)
 ParOldGen       total 349696K, used 67415K [0x00000005c0000000, 0x00000005d5580000, 0x0000000715580000)
  object space 349696K, 19% used [0x00000005c0000000,0x00000005c41d5d58,0x00000005d5580000)
 Metaspace       used 32360K, capacity 32752K, committed 33152K, reserved 1079296K
  class space    used 4075K, capacity 4178K, committed 4224K, reserved 1048576K
Event: 6.032 GC heap after
Heap after GC invocations=8 (full 1):
 PSYoungGen      total 284672K, used 33745K [0x0000000715580000, 0x0000000737e80000, 0x00000007c0000000)
  eden space 229888K, 0% used [0x0000000715580000,0x0000000715580000,0x0000000723600000)
  from space 54784K, 61% used [0x0000000723600000,0x00000007256f4768,0x0000000726b80000)
  to   space 53248K, 0% used [0x0000000734a80000,0x0000000734a80000,0x0000000737e80000)
 ParOldGen       total 349696K, used 67423K [0x00000005c0000000, 0x00000005d5580000, 0x0000000715580000)
  object space 349696K, 19% used [0x00000005c0000000,0x00000005c41d7d58,0x00000005d5580000)
 Metaspace       used 32360K, capacity 32752K, committed 33152K, reserved 1079296K
  class space    used 4075K, capacity 4178K, committed 4224K, reserved 1048576K
}
Event: 6.353 GC heap before
{Heap before GC invocations=9 (full 1):
 PSYoungGen      total 284672K, used 202243K [0x0000000715580000, 0x0000000737e80000, 0x00000007c0000000)
  eden space 229888K, 73% used [0x0000000715580000,0x000000071fa0c588,0x0000000723600000)
  from space 54784K, 61% used [0x0000000723600000,0x00000007256f4768,0x0000000726b80000)
  to   space 53248K, 0% used [0x0000000734a80000,0x0000000734a80000,0x0000000737e80000)
 ParOldGen       total 349696K, used 67423K [0x00000005c0000000, 0x00000005d5580000, 0x0000000715580000)
  object space 349696K, 19% used [0x00000005c0000000,0x00000005c41d7d58,0x00000005d5580000)
 Metaspace       used 34018K, capacity 34480K, committed 34776K, reserved 1079296K
  class space    used 4437K, capacity 4562K, committed 4608K, reserved 1048576K
Event: 6.369 GC heap after
Heap after GC invocations=9 (full 1):
 PSYoungGen      total 512512K, used 36203K [0x0000000715580000, 0x0000000737f80000, 0x00000007c0000000)
  eden space 459264K, 0% used [0x0000000715580000,0x0000000715580000,0x0000000731600000)
  from space 53248K, 67% used [0x0000000734a80000,0x0000000736ddad50,0x0000000737e80000)
  to   space 53760K, 0% used [0x0000000731600000,0x0000000731600000,0x0000000734a80000)
 ParOldGen       total 349696K, used 71993K [0x00000005c0000000, 0x00000005d5580000, 0x0000000715580000)
  object space 349696K, 20% used [0x00000005c0000000,0x00000005c464e518,0x00000005d5580000)
 Metaspace       used 34018K, capacity 34480K, committed 34776K, reserved 1079296K
  class space    used 4437K, capacity 4562K, committed 4608K, reserved 1048576K
}
Event: 6.370 GC heap before
{Heap before GC invocations=10 (full 2):
 PSYoungGen      total 512512K, used 36203K [0x0000000715580000, 0x0000000737f80000, 0x00000007c0000000)
  eden space 459264K, 0% used [0x0000000715580000,0x0000000715580000,0x0000000731600000)
  from space 53248K, 67% used [0x0000000734a80000,0x0000000736ddad50,0x0000000737e80000)
  to   space 53760K, 0% used [0x0000000731600000,0x0000000731600000,0x0000000734a80000)
 ParOldGen       total 349696K, used 71993K [0x00000005c0000000, 0x00000005d5580000, 0x0000000715580000)
  object space 349696K, 20% used [0x00000005c0000000,0x00000005c464e518,0x00000005d5580000)
 Metaspace       used 34018K, capacity 34480K, committed 34776K, reserved 1079296K
  class space    used 4437K, capacity 4562K, committed 4608K, reserved 1048576K
Event: 6.440 GC heap after
Heap after GC invocations=10 (full 2):
 PSYoungGen      total 512512K, used 0K [0x0000000715580000, 0x0000000737f80000, 0x00000007c0000000)
  eden space 459264K, 0% used [0x0000000715580000,0x0000000715580000,0x0000000731600000)
  from space 53248K, 0% used [0x0000000734a80000,0x0000000734a80000,0x0000000737e80000)
  to   space 53760K, 0% used [0x0000000731600000,0x0000000731600000,0x0000000734a80000)
 ParOldGen       total 278528K, used 69635K [0x00000005c0000000, 0x00000005d1000000, 0x0000000715580000)
  object space 278528K, 25% used [0x00000005c0000000,0x00000005c4400c38,0x00000005d1000000)
 Metaspace       used 34018K, capacity 34480K, committed 34776K, reserved 1079296K
  class space    used 4437K, capacity 4562K, committed 4608K, reserved 1048576K
}

