# JRE version: Java(TM) SE Runtime Environment (8.0_281-b09) (build 1.8.0_281-b09)
# Java VM: Java HotSpot(TM) 64-Bit Server VM (25.281-b09 mixed mode bsd-amd64 compressed oops)
Heap:
 PSYoungGen      total 547840K, used 326615K [0x0000000715580000, 0x0000000758380000, 0x00000007c0000000)
  eden space 526336K, 62% used [0x0000000715580000,0x0000000729475dc8,0x0000000735780000)
  from space 21504K, 0% used [0x0000000735780000,0x0000000735780000,0x0000000736c80000)
  to   space 21504K, 0% used [0x0000000756e80000,0x0000000756e80000,0x0000000758380000)
 ParOldGen       total 312320K, used 72111K [0x00000005c0000000, 0x00000005d3100000, 0x0000000715580000)
  object space 312320K, 23% used [0x00000005c0000000,0x00000005c466be68,0x00000005d3100000)
 Metaspace       used 39689K, capacity 40180K, committed 40664K, reserved 1085440K
  class space    used 5356K, capacity 5516K, committed 5632K, reserved 1048576K
GC Heap History (10 events):
Event: 1.776 GC heap before
{Heap before GC invocations=3 (full 1):
 PSYoungGen      total 284672K, used 8220K [0x0000000715580000, 0x0000000728080000, 0x00000007c0000000)
  eden space 263168K, 0% used [0x0000000715580000,0x0000000715580000,0x0000000725680000)
  from space 21504K, 38% used [0x0000000726b80000,0x00000007273873a0,0x0000000728080000)
  to   space 21504K, 0% used [0x0000000725680000,0x0000000725680000,0x0000000726b80000)
 ParOldGen       total 349696K, used 104K [0x00000005c0000000, 0x00000005d5580000, 0x0000000715580000)
  object space 349696K, 0% used [0x00000005c0000000,0x00000005c001a010,0x00000005d5580000)
 Metaspace       used 20272K, capacity 20582K, committed 20864K, reserved 1067008K
  class space    used 2518K, capacity 2616K, committed 2688K, reserved 1048576K
Event: 1.799 GC heap after
Heap after GC invocations=3 (full 1):
 PSYoungGen      total 284672K, used 0K [0x0000000715580000, 0x0000000728080000, 0x00000007c0000000)
  eden space 263168K, 0% used [0x0000000715580000,0x0000000715580000,0x0000000725680000)
  from space 21504K, 0% used [0x0000000726b80000,0x0000000726b80000,0x0000000728080000)
  to   space 21504K, 0% used [0x0000000725680000,0x0000000725680000,0x0000000726b80000)
 ParOldGen       total 349696K, used 8044K [0x00000005c0000000, 0x00000005d5580000, 0x0000000715580000)
  object space 349696K, 2% used [0x00000005c0000000,0x00000005c07db2f0,0x00000005d5580000)
 Metaspace       used 20272K, capacity 20582K, committed 20864K, reserved 1067008K
  class space    used 2518K, capacity 2616K, committed 2688K, reserved 1048576K
}
Event: 3.818 GC heap before
{Heap before GC invocations=4 (full 1):
 PSYoungGen      total 284672K, used 263168K [0x0000000715580000, 0x0000000728080000, 0x00000007c0000000)
  eden space 263168K, 100% used [0x0000000715580000,0x0000000725680000,0x0000000725680000)
  from space 21504K, 0% used [0x0000000726b80000,0x0000000726b80000,0x0000000728080000)
  to   space 21504K, 0% used [0x0000000725680000,0x0000000725680000,0x0000000726b80000)
 ParOldGen       total 349696K, used 8044K [0x00000005c0000000, 0x00000005d5580000, 0x0000000715580000)
  object space 349696K, 2% used [0x00000005c0000000,0x00000005c07db2f0,0x00000005d5580000)
 Metaspace       used 24748K, capacity 25162K, committed 25600K, reserved 1071104K
  class space    used 3097K, capacity 3207K, committed 3328K, reserved 1048576K
Event: 3.846 GC heap after
Heap after GC invocations=4 (full 1):
 PSYoungGen      total 284672K, used 21487K [0x0000000715580000, 0x0000000738180000, 0x00000007c0000000)
  eden space 263168K, 0% used [0x0000000715580000,0x0000000715580000,0x0000000725680000)
  from space 21504K, 99% used [0x0000000725680000,0x0000000726b7bf18,0x0000000726b80000)
  to   space 21504K, 0% used [0x0000000736c80000,0x0000000736c80000,0x0000000738180000)
 ParOldGen       total 349696K, used 41886K [0x00000005c0000000, 0x00000005d5580000, 0x0000000715580000)
  object space 349696K, 11% used [0x00000005c0000000,0x00000005c28e79b0,0x00000005d5580000)
 Metaspace       used 24748K, capacity 25162K, committed 25600K, reserved 1071104K
  class space    used 3097K, capacity 3207K, committed 3328K, reserved 1048576K
}
Event: 5.199 GC heap before
{Heap before GC invocations=5 (full 1):
 PSYoungGen      total 284672K, used 284655K [0x0000000715580000, 0x0000000738180000, 0x00000007c0000000)
  eden space 263168K, 100% used [0x0000000715580000,0x0000000725680000,0x0000000725680000)
  from space 21504K, 99% used [0x0000000725680000,0x0000000726b7bf18,0x0000000726b80000)
  to   space 21504K, 0% used [0x0000000736c80000,0x0000000736c80000,0x0000000738180000)
 ParOldGen       total 349696K, used 41886K [0x00000005c0000000, 0x00000005d5580000, 0x0000000715580000)
  object space 349696K, 11% used [0x00000005c0000000,0x00000005c28e79b0,0x00000005d5580000)
 Metaspace       used 29562K, capacity 29984K, committed 30208K, reserved 1075200K
  class space    used 3639K, capacity 3760K, committed 3840K, reserved 1048576K
Event: 5.219 GC heap after
Heap after GC invocations=5 (full 1):
 PSYoungGen      total 547840K, used 21473K [0x0000000715580000, 0x0000000738180000, 0x00000007c0000000)
  eden space 526336K, 0% used [0x0000000715580000,0x0000000715580000,0x0000000735780000)
  from space 21504K, 99% used [0x0000000736c80000,0x00000007381784d8,0x0000000738180000)
  to   space 21504K, 0% used [0x0000000735780000,0x0000000735780000,0x0000000736c80000)
 ParOldGen       total 349696K, used 67763K [0x00000005c0000000, 0x00000005d5580000, 0x0000000715580000)
  object space 349696K, 19% used [0x00000005c0000000,0x00000005c422cf10,0x00000005d5580000)
 Metaspace       used 29562K, capacity 29984K, committed 30208K, reserved 1075200K
  class space    used 3639K, capacity 3760K, committed 3840K, reserved 1048576K
}
Event: 6.522 GC heap before
{Heap before GC invocations=6 (full 1):
 PSYoungGen      total 547840K, used 461424K [0x0000000715580000, 0x0000000738180000, 0x00000007c0000000)
  eden space 526336K, 83% used [0x0000000715580000,0x0000000730323d50,0x0000000735780000)
  from space 21504K, 99% used [0x0000000736c80000,0x00000007381784d8,0x0000000738180000)
  to   space 21504K, 0% used [0x0000000735780000,0x0000000735780000,0x0000000736c80000)
 ParOldGen       total 349696K, used 67763K [0x00000005c0000000, 0x00000005d5580000, 0x0000000715580000)
  object space 349696K, 19% used [0x00000005c0000000,0x00000005c422cf10,0x00000005d5580000)
 Metaspace       used 34189K, capacity 34604K, committed 34776K, reserved 1079296K
  class space    used 4468K, capacity 4596K, committed 4608K, reserved 1048576K
Event: 6.545 GC heap after
Heap after GC invocations=6 (full 1):
 PSYoungGen      total 547840K, used 21474K [0x0000000715580000, 0x0000000758380000, 0x00000007c0000000)
  eden space 526336K, 0% used [0x0000000715580000,0x0000000715580000,0x0000000735780000)
  from space 21504K, 99% used [0x0000000735780000,0x0000000736c78848,0x0000000736c80000)
  to   space 21504K, 0% used [0x0000000756e80000,0x0000000756e80000,0x0000000758380000)
 ParOldGen       total 349696K, used 89502K [0x00000005c0000000, 0x00000005d5580000, 0x0000000715580000)
  object space 349696K, 25% used [0x00000005c0000000,0x00000005c5767958,0x00000005d5580000)
 Metaspace       used 34189K, capacity 34604K, committed 34776K, reserved 1079296K
  class space    used 4468K, capacity 4596K, committed 4608K, reserved 1048576K
}
Event: 6.545 GC heap before
{Heap before GC invocations=7 (full 2):
 PSYoungGen      total 547840K, used 21474K [0x0000000715580000, 0x0000000758380000, 0x00000007c0000000)
  eden space 526336K, 0% used [0x0000000715580000,0x0000000715580000,0x0000000735780000)
  from space 21504K, 99% used [0x0000000735780000,0x0000000736c78848,0x0000000736c80000)
  to   space 21504K, 0% used [0x0000000756e80000,0x0000000756e80000,0x0000000758380000)
 ParOldGen       total 349696K, used 89502K [0x00000005c0000000, 0x00000005d5580000, 0x0000000715580000)
  object space 349696K, 25% used [0x00000005c0000000,0x00000005c5767958,0x00000005d5580000)
 Metaspace       used 34189K, capacity 34604K, committed 34776K, reserved 1079296K
  class space    used 4468K, capacity 4596K, committed 4608K, reserved 1048576K
Event: 6.616 GC heap after
Heap after GC invocations=7 (full 2):
 PSYoungGen      total 547840K, used 0K [0x0000000715580000, 0x0000000758380000, 0x00000007c0000000)
  eden space 526336K, 0% used [0x0000000715580000,0x0000000715580000,0x0000000735780000)
  from space 21504K, 0% used [0x0000000735780000,0x0000000735780000,0x0000000736c80000)
  to   space 21504K, 0% used [0x0000000756e80000,0x0000000756e80000,0x0000000758380000)
 ParOldGen       total 312320K, used 72111K [0x00000005c0000000, 0x00000005d3100000, 0x0000000715580000)
  object space 312320K, 23% used [0x00000005c0000000,0x00000005c466be68,0x00000005d3100000)
 Metaspace       used 34189K, capacity 34604K, committed 34776K, reserved 1079296K
  class space    used 4468K, capacity 4596K, committed 4608K, reserved 1048576K
}

