# JRE version: Java(TM) SE Runtime Environment (8.0_281-b09) (build 1.8.0_281-b09)
# Java VM: Java HotSpot(TM) 64-Bit Server VM (25.281-b09 mixed mode bsd-amd64 compressed oops)
Heap:
 PSYoungGen      total 547840K, used 303292K [0x0000000715580000, 0x0000000757c80000, 0x00000007c0000000)
  eden space 487424K, 62% used [0x0000000715580000,0x0000000727daf1c8,0x0000000733180000)
  from space 60416K, 0% used [0x0000000733180000,0x0000000733180000,0x0000000736c80000)
  to   space 56832K, 0% used [0x0000000754500000,0x0000000754500000,0x0000000757c80000)
 ParOldGen       total 293888K, used 69558K [0x00000005c0000000, 0x00000005d1f00000, 0x0000000715580000)
  object space 293888K, 23% used [0x00000005c0000000,0x00000005c43edb08,0x00000005d1f00000)
 Metaspace       used 39670K, capacity 40148K, committed 40536K, reserved 1085440K
  class space    used 5345K, capacity 5485K, committed 5504K, reserved 1048576K
GC Heap History (10 events):
Event: 4.330 GC heap before
{Heap before GC invocations=5 (full 1):
 PSYoungGen      total 153088K, used 153061K [0x0000000715580000, 0x0000000728080000, 0x00000007c0000000)
  eden space 131584K, 100% used [0x0000000715580000,0x000000071d600000,0x000000071d600000)
  from space 21504K, 99% used [0x000000071d600000,0x000000071eaf9788,0x000000071eb00000)
  to   space 21504K, 0% used [0x0000000726b80000,0x0000000726b80000,0x0000000728080000)
 ParOldGen       total 349696K, used 14033K [0x00000005c0000000, 0x00000005d5580000, 0x0000000715580000)
  object space 349696K, 4% used [0x00000005c0000000,0x00000005c0db47b8,0x00000005d5580000)
 Metaspace       used 24734K, capacity 25162K, committed 25600K, reserved 1071104K
  class space    used 3090K, capacity 3208K, committed 3328K, reserved 1048576K
Event: 4.353 GC heap after
Heap after GC invocations=5 (full 1):
 PSYoungGen      total 284672K, used 21498K [0x0000000715580000, 0x0000000728080000, 0x00000007c0000000)
  eden space 263168K, 0% used [0x0000000715580000,0x0000000715580000,0x0000000725680000)
  from space 21504K, 99% used [0x0000000726b80000,0x000000072807ea08,0x0000000728080000)
  to   space 21504K, 0% used [0x0000000725680000,0x0000000725680000,0x0000000726b80000)
 ParOldGen       total 349696K, used 40443K [0x00000005c0000000, 0x00000005d5580000, 0x0000000715580000)
  object space 349696K, 11% used [0x00000005c0000000,0x00000005c277ee90,0x00000005d5580000)
 Metaspace       used 24734K, capacity 25162K, committed 25600K, reserved 1071104K
  class space    used 3090K, capacity 3208K, committed 3328K, reserved 1048576K
}
Event: 6.063 GC heap before
{Heap before GC invocations=6 (full 1):
 PSYoungGen      total 284672K, used 284666K [0x0000000715580000, 0x0000000728080000, 0x00000007c0000000)
  eden space 263168K, 100% used [0x0000000715580000,0x0000000725680000,0x0000000725680000)
  from space 21504K, 99% used [0x0000000726b80000,0x000000072807ea08,0x0000000728080000)
  to   space 21504K, 0% used [0x0000000725680000,0x0000000725680000,0x0000000726b80000)
 ParOldGen       total 349696K, used 40443K [0x00000005c0000000, 0x00000005d5580000, 0x0000000715580000)
  object space 349696K, 11% used [0x00000005c0000000,0x00000005c277ee90,0x00000005d5580000)
 Metaspace       used 29569K, capacity 29984K, committed 30208K, reserved 1075200K
  class space    used 3639K, capacity 3761K, committed 3840K, reserved 1048576K
Event: 6.087 GC heap after
Heap after GC invocations=6 (full 1):
 PSYoungGen      total 284672K, used 21474K [0x0000000715580000, 0x0000000738180000, 0x00000007c0000000)
  eden space 263168K, 0% used [0x0000000715580000,0x0000000715580000,0x0000000725680000)
  from space 21504K, 99% used [0x0000000725680000,0x0000000726b78b78,0x0000000726b80000)
  to   space 21504K, 0% used [0x0000000736c80000,0x0000000736c80000,0x0000000738180000)
 ParOldGen       total 349696K, used 66545K [0x00000005c0000000, 0x00000005d5580000, 0x0000000715580000)
  object space 349696K, 19% used [0x00000005c0000000,0x00000005c40fc6c0,0x00000005d5580000)
 Metaspace       used 29569K, capacity 29984K, committed 30208K, reserved 1075200K
  class space    used 3639K, capacity 3761K, committed 3840K, reserved 1048576K
}
Event: 7.135 GC heap before
{Heap before GC invocations=7 (full 1):
 PSYoungGen      total 284672K, used 284642K [0x0000000715580000, 0x0000000738180000, 0x00000007c0000000)
  eden space 263168K, 100% used [0x0000000715580000,0x0000000725680000,0x0000000725680000)
  from space 21504K, 99% used [0x0000000725680000,0x0000000726b78b78,0x0000000726b80000)
  to   space 21504K, 0% used [0x0000000736c80000,0x0000000736c80000,0x0000000738180000)
 ParOldGen       total 349696K, used 66545K [0x00000005c0000000, 0x00000005d5580000, 0x0000000715580000)
  object space 349696K, 19% used [0x00000005c0000000,0x00000005c40fc6c0,0x00000005d5580000)
 Metaspace       used 32785K, capacity 33196K, committed 33536K, reserved 1079296K
  class space    used 4161K, capacity 4277K, committed 4352K, reserved 1048576K
Event: 7.153 GC heap after
Heap after GC invocations=7 (full 1):
 PSYoungGen      total 508928K, used 21493K [0x0000000715580000, 0x000000073cd80000, 0x00000007c0000000)
  eden space 487424K, 0% used [0x0000000715580000,0x0000000715580000,0x0000000733180000)
  from space 21504K, 99% used [0x0000000736c80000,0x000000073817d6c0,0x0000000738180000)
  to   space 60416K, 0% used [0x0000000733180000,0x0000000733180000,0x0000000736c80000)
 ParOldGen       total 349696K, used 80134K [0x00000005c0000000, 0x00000005d5580000, 0x0000000715580000)
  object space 349696K, 22% used [0x00000005c0000000,0x00000005c4e41b30,0x00000005d5580000)
 Metaspace       used 32785K, capacity 33196K, committed 33536K, reserved 1079296K
  class space    used 4161K, capacity 4277K, committed 4352K, reserved 1048576K
}
Event: 7.734 GC heap before
{Heap before GC invocations=8 (full 1):
 PSYoungGen      total 508928K, used 165552K [0x0000000715580000, 0x000000073cd80000, 0x00000007c0000000)
  eden space 487424K, 29% used [0x0000000715580000,0x000000071e22e960,0x0000000733180000)
  from space 21504K, 99% used [0x0000000736c80000,0x000000073817d6c0,0x0000000738180000)
  to   space 60416K, 0% used [0x0000000733180000,0x0000000733180000,0x0000000736c80000)
 ParOldGen       total 349696K, used 80134K [0x00000005c0000000, 0x00000005d5580000, 0x0000000715580000)
  object space 349696K, 22% used [0x00000005c0000000,0x00000005c4e41b30,0x00000005d5580000)
 Metaspace       used 34143K, capacity 34572K, committed 34776K, reserved 1079296K
  class space    used 4451K, capacity 4565K, committed 4608K, reserved 1048576K
Event: 7.758 GC heap after
Heap after GC invocations=8 (full 1):
 PSYoungGen      total 547840K, used 29147K [0x0000000715580000, 0x0000000757c80000, 0x00000007c0000000)
  eden space 487424K, 0% used [0x0000000715580000,0x0000000715580000,0x0000000733180000)
  from space 60416K, 48% used [0x0000000733180000,0x0000000734df6e40,0x0000000736c80000)
  to   space 56832K, 0% used [0x0000000754500000,0x0000000754500000,0x0000000757c80000)
 ParOldGen       total 349696K, used 80142K [0x00000005c0000000, 0x00000005d5580000, 0x0000000715580000)
  object space 349696K, 22% used [0x00000005c0000000,0x00000005c4e43b30,0x00000005d5580000)
 Metaspace       used 34143K, capacity 34572K, committed 34776K, reserved 1079296K
  class space    used 4451K, capacity 4565K, committed 4608K, reserved 1048576K
}
Event: 7.758 GC heap before
{Heap before GC invocations=9 (full 2):
 PSYoungGen      total 547840K, used 29147K [0x0000000715580000, 0x0000000757c80000, 0x00000007c0000000)
  eden space 487424K, 0% used [0x0000000715580000,0x0000000715580000,0x0000000733180000)
  from space 60416K, 48% used [0x0000000733180000,0x0000000734df6e40,0x0000000736c80000)
  to   space 56832K, 0% used [0x0000000754500000,0x0000000754500000,0x0000000757c80000)
 ParOldGen       total 349696K, used 80142K [0x00000005c0000000, 0x00000005d5580000, 0x0000000715580000)
  object space 349696K, 22% used [0x00000005c0000000,0x00000005c4e43b30,0x00000005d5580000)
 Metaspace       used 34143K, capacity 34572K, committed 34776K, reserved 1079296K
  class space    used 4451K, capacity 4565K, committed 4608K, reserved 1048576K
Event: 7.863 GC heap after
Heap after GC invocations=9 (full 2):
 PSYoungGen      total 547840K, used 0K [0x0000000715580000, 0x0000000757c80000, 0x00000007c0000000)
  eden space 487424K, 0% used [0x0000000715580000,0x0000000715580000,0x0000000733180000)
  from space 60416K, 0% used [0x0000000733180000,0x0000000733180000,0x0000000736c80000)
  to   space 56832K, 0% used [0x0000000754500000,0x0000000754500000,0x0000000757c80000)
 ParOldGen       total 293888K, used 69558K [0x00000005c0000000, 0x00000005d1f00000, 0x0000000715580000)
  object space 293888K, 23% used [0x00000005c0000000,0x00000005c43edb08,0x00000005d1f00000)
 Metaspace       used 34143K, capacity 34572K, committed 34776K, reserved 1079296K
  class space    used 4451K, capacity 4565K, committed 4608K, reserved 1048576K
}

