# JRE version: Java(TM) SE Runtime Environment (8.0_281-b09) (build 1.8.0_281-b09)
# Java VM: Java HotSpot(TM) 64-Bit Server VM (25.281-b09 mixed mode bsd-amd64 compressed oops)
Heap:
 PSYoungGen      total 517120K, used 298419K [0x0000000715580000, 0x0000000738380000, 0x00000007c0000000)
  eden space 464384K, 64% used [0x0000000715580000,0x00000007278ecd50,0x0000000731b00000)
  from space 52736K, 0% used [0x0000000734f00000,0x0000000734f00000,0x0000000738280000)
  to   space 53248K, 0% used [0x0000000731b00000,0x0000000731b00000,0x0000000734f00000)
 ParOldGen       total 276480K, used 69522K [0x00000005c0000000, 0x00000005d0e00000, 0x0000000715580000)
  object space 276480K, 25% used [0x00000005c0000000,0x00000005c43e49f0,0x00000005d0e00000)
 Metaspace       used 39685K, capacity 40186K, committed 40664K, reserved 1085440K
  class space    used 5350K, capacity 5518K, committed 5632K, reserved 1048576K
GC Heap History (10 events):
Event: 5.168 GC heap before
{Heap before GC invocations=6 (full 1):
 PSYoungGen      total 153088K, used 153084K [0x0000000715580000, 0x0000000728080000, 0x00000007c0000000)
  eden space 131584K, 100% used [0x0000000715580000,0x000000071d600000,0x000000071d600000)
  from space 21504K, 99% used [0x000000071eb00000,0x000000071ffff3c8,0x0000000720000000)
  to   space 21504K, 0% used [0x000000071d600000,0x000000071d600000,0x000000071eb00000)
 ParOldGen       total 349696K, used 39998K [0x00000005c0000000, 0x00000005d5580000, 0x0000000715580000)
  object space 349696K, 11% used [0x00000005c0000000,0x00000005c270f828,0x00000005d5580000)
 Metaspace       used 26894K, capacity 27378K, committed 27648K, reserved 1073152K
  class space    used 3337K, capacity 3468K, committed 3584K, reserved 1048576K
Event: 5.179 GC heap after
Heap after GC invocations=6 (full 1):
 PSYoungGen      total 153088K, used 21485K [0x0000000715580000, 0x0000000728080000, 0x00000007c0000000)
  eden space 131584K, 0% used [0x0000000715580000,0x0000000715580000,0x000000071d600000)
  from space 21504K, 99% used [0x000000071d600000,0x000000071eafb468,0x000000071eb00000)
  to   space 21504K, 0% used [0x0000000726b80000,0x0000000726b80000,0x0000000728080000)
 ParOldGen       total 349696K, used 49229K [0x00000005c0000000, 0x00000005d5580000, 0x0000000715580000)
  object space 349696K, 14% used [0x00000005c0000000,0x00000005c30136f8,0x00000005d5580000)
 Metaspace       used 26894K, capacity 27378K, committed 27648K, reserved 1073152K
  class space    used 3337K, capacity 3468K, committed 3584K, reserved 1048576K
}
Event: 5.908 GC heap before
{Heap before GC invocations=7 (full 1):
 PSYoungGen      total 153088K, used 153069K [0x0000000715580000, 0x0000000728080000, 0x00000007c0000000)
  eden space 131584K, 100% used [0x0000000715580000,0x000000071d600000,0x000000071d600000)
  from space 21504K, 99% used [0x000000071d600000,0x000000071eafb468,0x000000071eb00000)
  to   space 21504K, 0% used [0x0000000726b80000,0x0000000726b80000,0x0000000728080000)
 ParOldGen       total 349696K, used 49229K [0x00000005c0000000, 0x00000005d5580000, 0x0000000715580000)
  object space 349696K, 14% used [0x00000005c0000000,0x00000005c30136f8,0x00000005d5580000)
 Metaspace       used 29752K, capacity 30126K, committed 30464K, reserved 1075200K
  class space    used 3642K, capacity 3764K, committed 3840K, reserved 1048576K
Event: 5.921 GC heap after
Heap after GC invocations=7 (full 1):
 PSYoungGen      total 253952K, used 21502K [0x0000000715580000, 0x000000072bc80000, 0x00000007c0000000)
  eden space 232448K, 0% used [0x0000000715580000,0x0000000715580000,0x0000000723880000)
  from space 21504K, 99% used [0x0000000726b80000,0x000000072807fb10,0x0000000728080000)
  to   space 52224K, 0% used [0x0000000723880000,0x0000000723880000,0x0000000726b80000)
 ParOldGen       total 349696K, used 62945K [0x00000005c0000000, 0x00000005d5580000, 0x0000000715580000)
  object space 349696K, 17% used [0x00000005c0000000,0x00000005c3d78498,0x00000005d5580000)
 Metaspace       used 29752K, capacity 30126K, committed 30464K, reserved 1075200K
  class space    used 3642K, capacity 3764K, committed 3840K, reserved 1048576K
}
Event: 6.749 GC heap before
{Heap before GC invocations=8 (full 1):
 PSYoungGen      total 253952K, used 253950K [0x0000000715580000, 0x000000072bc80000, 0x00000007c0000000)
  eden space 232448K, 100% used [0x0000000715580000,0x0000000723880000,0x0000000723880000)
  from space 21504K, 99% used [0x0000000726b80000,0x000000072807fb10,0x0000000728080000)
  to   space 52224K, 0% used [0x0000000723880000,0x0000000723880000,0x0000000726b80000)
 ParOldGen       total 349696K, used 62945K [0x00000005c0000000, 0x00000005d5580000, 0x0000000715580000)
  object space 349696K, 17% used [0x00000005c0000000,0x00000005c3d78498,0x00000005d5580000)
 Metaspace       used 32515K, capacity 32946K, committed 33152K, reserved 1079296K
  class space    used 4099K, capacity 4214K, committed 4224K, reserved 1048576K
Event: 6.767 GC heap after
Heap after GC invocations=8 (full 1):
 PSYoungGen      total 284672K, used 34694K [0x0000000715580000, 0x0000000738280000, 0x00000007c0000000)
  eden space 232448K, 0% used [0x0000000715580000,0x0000000715580000,0x0000000723880000)
  from space 52224K, 66% used [0x0000000723880000,0x0000000725a619a8,0x0000000726b80000)
  to   space 52736K, 0% used [0x0000000734f00000,0x0000000734f00000,0x0000000738280000)
 ParOldGen       total 349696K, used 62953K [0x00000005c0000000, 0x00000005d5580000, 0x0000000715580000)
  object space 349696K, 18% used [0x00000005c0000000,0x00000005c3d7a498,0x00000005d5580000)
 Metaspace       used 32515K, capacity 32946K, committed 33152K, reserved 1079296K
  class space    used 4099K, capacity 4214K, committed 4224K, reserved 1048576K
}
Event: 7.228 GC heap before
{Heap before GC invocations=9 (full 1):
 PSYoungGen      total 284672K, used 200252K [0x0000000715580000, 0x0000000738280000, 0x00000007c0000000)
  eden space 232448K, 71% used [0x0000000715580000,0x000000071f72d6c8,0x0000000723880000)
  from space 52224K, 66% used [0x0000000723880000,0x0000000725a619a8,0x0000000726b80000)
  to   space 52736K, 0% used [0x0000000734f00000,0x0000000734f00000,0x0000000738280000)
 ParOldGen       total 349696K, used 62953K [0x00000005c0000000, 0x00000005d5580000, 0x0000000715580000)
  object space 349696K, 18% used [0x00000005c0000000,0x00000005c3d7a498,0x00000005d5580000)
 Metaspace       used 34143K, capacity 34578K, committed 34776K, reserved 1079296K
  class space    used 4446K, capacity 4566K, committed 4608K, reserved 1048576K
Event: 7.247 GC heap after
Heap after GC invocations=9 (full 1):
 PSYoungGen      total 517120K, used 37001K [0x0000000715580000, 0x0000000738380000, 0x00000007c0000000)
  eden space 464384K, 0% used [0x0000000715580000,0x0000000715580000,0x0000000731b00000)
  from space 52736K, 70% used [0x0000000734f00000,0x0000000737322550,0x0000000738280000)
  to   space 53248K, 0% used [0x0000000731b00000,0x0000000731b00000,0x0000000734f00000)
 ParOldGen       total 349696K, used 66955K [0x00000005c0000000, 0x00000005d5580000, 0x0000000715580000)
  object space 349696K, 19% used [0x00000005c0000000,0x00000005c4162fc0,0x00000005d5580000)
 Metaspace       used 34143K, capacity 34578K, committed 34776K, reserved 1079296K
  class space    used 4446K, capacity 4566K, committed 4608K, reserved 1048576K
}
Event: 7.247 GC heap before
{Heap before GC invocations=10 (full 2):
 PSYoungGen      total 517120K, used 37001K [0x0000000715580000, 0x0000000738380000, 0x00000007c0000000)
  eden space 464384K, 0% used [0x0000000715580000,0x0000000715580000,0x0000000731b00000)
  from space 52736K, 70% used [0x0000000734f00000,0x0000000737322550,0x0000000738280000)
  to   space 53248K, 0% used [0x0000000731b00000,0x0000000731b00000,0x0000000734f00000)
 ParOldGen       total 349696K, used 66955K [0x00000005c0000000, 0x00000005d5580000, 0x0000000715580000)
  object space 349696K, 19% used [0x00000005c0000000,0x00000005c4162fc0,0x00000005d5580000)
 Metaspace       used 34143K, capacity 34578K, committed 34776K, reserved 1079296K
  class space    used 4446K, capacity 4566K, committed 4608K, reserved 1048576K
Event: 7.320 GC heap after
Heap after GC invocations=10 (full 2):
 PSYoungGen      total 517120K, used 0K [0x0000000715580000, 0x0000000738380000, 0x00000007c0000000)
  eden space 464384K, 0% used [0x0000000715580000,0x0000000715580000,0x0000000731b00000)
  from space 52736K, 0% used [0x0000000734f00000,0x0000000734f00000,0x0000000738280000)
  to   space 53248K, 0% used [0x0000000731b00000,0x0000000731b00000,0x0000000734f00000)
 ParOldGen       total 276480K, used 69522K [0x00000005c0000000, 0x00000005d0e00000, 0x0000000715580000)
  object space 276480K, 25% used [0x00000005c0000000,0x00000005c43e49f0,0x00000005d0e00000)
 Metaspace       used 34143K, capacity 34578K, committed 34776K, reserved 1079296K
  class space    used 4446K, capacity 4566K, committed 4608K, reserved 1048576K
}

