# JRE version: OpenJDK Runtime Environment (8.0_282-b08) (build 1.8.0_282-b08)
# Java VM: OpenJDK 64-Bit Server VM (25.282-b08 mixed mode bsd-amd64 compressed oops)
Heap:
 PSYoungGen      total 496128K, used 223910K [0x0000000715580000, 0x0000000746400000, 0x00000007c0000000)
  eden space 454144K, 41% used [0x0000000715580000,0x0000000720bb4e38,0x0000000731100000)
  from space 41984K, 88% used [0x0000000731100000,0x0000000733574cc8,0x0000000733a00000)
  to   space 46080K, 0% used [0x0000000743700000,0x0000000743700000,0x0000000746400000)
 ParOldGen       total 219648K, used 37574K [0x00000005c0000000, 0x00000005cd680000, 0x0000000715580000)
  object space 219648K, 17% used [0x00000005c0000000,0x00000005c24b1898,0x00000005cd680000)
 Metaspace       used 36322K, capacity 36786K, committed 37120K, reserved 1081344K
  class space    used 4908K, capacity 5037K, committed 5120K, reserved 1048576K
GC Heap History (10 events):
Event: 5.259 GC heap before
{Heap before GC invocations=7 (full 1):
 PSYoungGen      total 153088K, used 153078K [0x0000000715580000, 0x0000000728080000, 0x00000007c0000000)
  eden space 131584K, 100% used [0x0000000715580000,0x000000071d600000,0x000000071d600000)
  from space 21504K, 99% used [0x000000071d600000,0x000000071eafd818,0x000000071eb00000)
  to   space 21504K, 0% used [0x0000000726b80000,0x0000000726b80000,0x0000000728080000)
 ParOldGen       total 349696K, used 41454K [0x00000005c0000000, 0x00000005d5580000, 0x0000000715580000)
  object space 349696K, 11% used [0x00000005c0000000,0x00000005c287b990,0x00000005d5580000)
 Metaspace       used 23801K, capacity 24216K, committed 24320K, reserved 1071104K
  class space    used 2918K, capacity 3043K, committed 3072K, reserved 1048576K
Event: 5.268 GC heap after
Heap after GC invocations=7 (full 1):
 PSYoungGen      total 258560K, used 21484K [0x0000000715580000, 0x000000072b380000, 0x00000007c0000000)
  eden space 237056K, 0% used [0x0000000715580000,0x0000000715580000,0x0000000723d00000)
  from space 21504K, 99% used [0x0000000726b80000,0x000000072807b118,0x0000000728080000)
  to   space 47616K, 0% used [0x0000000723d00000,0x0000000723d00000,0x0000000726b80000)
 ParOldGen       total 349696K, used 42954K [0x00000005c0000000, 0x00000005d5580000, 0x0000000715580000)
  object space 349696K, 12% used [0x00000005c0000000,0x00000005c29f2888,0x00000005d5580000)
 Metaspace       used 23801K, capacity 24216K, committed 24320K, reserved 1071104K
  class space    used 2918K, capacity 3043K, committed 3072K, reserved 1048576K
}
Event: 5.346 GC heap before
{Heap before GC invocations=8 (full 1):
 PSYoungGen      total 258560K, used 50027K [0x0000000715580000, 0x000000072b380000, 0x00000007c0000000)
  eden space 237056K, 12% used [0x0000000715580000,0x000000071715fe78,0x0000000723d00000)
  from space 21504K, 99% used [0x0000000726b80000,0x000000072807b118,0x0000000728080000)
  to   space 47616K, 0% used [0x0000000723d00000,0x0000000723d00000,0x0000000726b80000)
 ParOldGen       total 349696K, used 42954K [0x00000005c0000000, 0x00000005d5580000, 0x0000000715580000)
  object space 349696K, 12% used [0x00000005c0000000,0x00000005c29f2888,0x00000005d5580000)
 Metaspace       used 24420K, capacity 24760K, committed 24960K, reserved 1071104K
  class space    used 2961K, capacity 3075K, committed 3200K, reserved 1048576K
Event: 5.355 GC heap after
Heap after GC invocations=8 (full 1):
 PSYoungGen      total 284672K, used 21271K [0x0000000715580000, 0x0000000737a80000, 0x00000007c0000000)
  eden space 237056K, 0% used [0x0000000715580000,0x0000000715580000,0x0000000723d00000)
  from space 47616K, 44% used [0x0000000723d00000,0x00000007251c5df0,0x0000000726b80000)
  to   space 44032K, 0% used [0x0000000734f80000,0x0000000734f80000,0x0000000737a80000)
 ParOldGen       total 349696K, used 42962K [0x00000005c0000000, 0x00000005d5580000, 0x0000000715580000)
  object space 349696K, 12% used [0x00000005c0000000,0x00000005c29f4888,0x00000005d5580000)
 Metaspace       used 24420K, capacity 24760K, committed 24960K, reserved 1071104K
  class space    used 2961K, capacity 3075K, committed 3200K, reserved 1048576K
}
Event: 5.355 GC heap before
{Heap before GC invocations=9 (full 2):
 PSYoungGen      total 284672K, used 21271K [0x0000000715580000, 0x0000000737a80000, 0x00000007c0000000)
  eden space 237056K, 0% used [0x0000000715580000,0x0000000715580000,0x0000000723d00000)
  from space 47616K, 44% used [0x0000000723d00000,0x00000007251c5df0,0x0000000726b80000)
  to   space 44032K, 0% used [0x0000000734f80000,0x0000000734f80000,0x0000000737a80000)
 ParOldGen       total 349696K, used 42962K [0x00000005c0000000, 0x00000005d5580000, 0x0000000715580000)
  object space 349696K, 12% used [0x00000005c0000000,0x00000005c29f4888,0x00000005d5580000)
 Metaspace       used 24420K, capacity 24760K, committed 24960K, reserved 1071104K
  class space    used 2961K, capacity 3075K, committed 3200K, reserved 1048576K
Event: 5.392 GC heap after
Heap after GC invocations=9 (full 2):
 PSYoungGen      total 284672K, used 0K [0x0000000715580000, 0x0000000737a80000, 0x00000007c0000000)
  eden space 237056K, 0% used [0x0000000715580000,0x0000000715580000,0x0000000723d00000)
  from space 47616K, 0% used [0x0000000723d00000,0x0000000723d00000,0x0000000726b80000)
  to   space 44032K, 0% used [0x0000000734f80000,0x0000000734f80000,0x0000000737a80000)
 ParOldGen       total 219648K, used 37558K [0x00000005c0000000, 0x00000005cd680000, 0x0000000715580000)
  object space 219648K, 17% used [0x00000005c0000000,0x00000005c24ad898,0x00000005cd680000)
 Metaspace       used 24420K, capacity 24760K, committed 24960K, reserved 1071104K
  class space    used 2961K, capacity 3075K, committed 3200K, reserved 1048576K
}
Event: 6.798 GC heap before
{Heap before GC invocations=10 (full 2):
 PSYoungGen      total 284672K, used 237056K [0x0000000715580000, 0x0000000737a80000, 0x00000007c0000000)
  eden space 237056K, 100% used [0x0000000715580000,0x0000000723d00000,0x0000000723d00000)
  from space 47616K, 0% used [0x0000000723d00000,0x0000000723d00000,0x0000000726b80000)
  to   space 44032K, 0% used [0x0000000734f80000,0x0000000734f80000,0x0000000737a80000)
 ParOldGen       total 219648K, used 37558K [0x00000005c0000000, 0x00000005cd680000, 0x0000000715580000)
  object space 219648K, 17% used [0x00000005c0000000,0x00000005c24ad898,0x00000005cd680000)
 Metaspace       used 28541K, capacity 28958K, committed 29312K, reserved 1075200K
  class space    used 3538K, capacity 3662K, committed 3712K, reserved 1048576K
Event: 6.809 GC heap after
Heap after GC invocations=10 (full 2):
 PSYoungGen      total 433664K, used 19861K [0x0000000715580000, 0x0000000736300000, 0x00000007c0000000)
  eden space 413696K, 0% used [0x0000000715580000,0x0000000715580000,0x000000072e980000)
  from space 19968K, 99% used [0x0000000734f80000,0x00000007362e55e8,0x0000000736300000)
  to   space 41984K, 0% used [0x0000000731100000,0x0000000731100000,0x0000000733a00000)
 ParOldGen       total 219648K, used 37566K [0x00000005c0000000, 0x00000005cd680000, 0x0000000715580000)
  object space 219648K, 17% used [0x00000005c0000000,0x00000005c24af898,0x00000005cd680000)
 Metaspace       used 28541K, capacity 28958K, committed 29312K, reserved 1075200K
  class space    used 3538K, capacity 3662K, committed 3712K, reserved 1048576K
}
Event: 7.956 GC heap before
{Heap before GC invocations=11 (full 2):
 PSYoungGen      total 433664K, used 433557K [0x0000000715580000, 0x0000000736300000, 0x00000007c0000000)
  eden space 413696K, 100% used [0x0000000715580000,0x000000072e980000,0x000000072e980000)
  from space 19968K, 99% used [0x0000000734f80000,0x00000007362e55e8,0x0000000736300000)
  to   space 41984K, 0% used [0x0000000731100000,0x0000000731100000,0x0000000733a00000)
 ParOldGen       total 219648K, used 37566K [0x00000005c0000000, 0x00000005cd680000, 0x0000000715580000)
  object space 219648K, 17% used [0x00000005c0000000,0x00000005c24af898,0x00000005cd680000)
 Metaspace       used 33390K, capacity 33758K, committed 33920K, reserved 1079296K
  class space    used 4554K, capacity 4686K, committed 4736K, reserved 1048576K
Event: 7.969 GC heap after
Heap after GC invocations=11 (full 2):
 PSYoungGen      total 496128K, used 37331K [0x0000000715580000, 0x0000000746400000, 0x00000007c0000000)
  eden space 454144K, 0% used [0x0000000715580000,0x0000000715580000,0x0000000731100000)
  from space 41984K, 88% used [0x0000000731100000,0x0000000733574cc8,0x0000000733a00000)
  to   space 46080K, 0% used [0x0000000743700000,0x0000000743700000,0x0000000746400000)
 ParOldGen       total 219648K, used 37574K [0x00000005c0000000, 0x00000005cd680000, 0x0000000715580000)
  object space 219648K, 17% used [0x00000005c0000000,0x00000005c24b1898,0x00000005cd680000)
 Metaspace       used 33390K, capacity 33758K, committed 33920K, reserved 1079296K
  class space    used 4554K, capacity 4686K, committed 4736K, reserved 1048576K
}

